<?xml version="1.0" encoding="utf-8"?><testsuites name="pytest tests"><testsuite name="pytest" errors="0" failures="0" skipped="0" tests="7" time="17.555" timestamp="2026-06-23T06:42:56.721301+00:00" hostname="agent-env-ab924ec3-f2ef-48c0-9d7a-22c771e2f791"><testcase classname="backend.tests.test_aangan_backend.TestRoot" name="test_root" time="0.266" /><testcase classname="backend.tests.test_aangan_backend.TestWaitlist" name="test_create_waitlist" time="0.092" /><testcase classname="backend.tests.test_aangan_backend.TestWaitlist" name="test_invalid_email" time="0.053" /><testcase classname="backend.tests.test_aangan_backend.TestWaitlist" name="test_missing_email" time="0.047" /><testcase classname="backend.tests.test_aangan_backend.TestWaitlist" name="test_list_waitlist" time="0.088" /><testcase classname="backend.tests.test_aangan_backend.TestAsk" name="test_ask_simple" time="10.175" /><testcase classname="backend.tests.test_aangan_backend.TestAsk" name="test_ask_stream" time="6.661" /></testsuite></testsuites>